<?xml version="1.0" encoding="UTF-8"?>
<coverage generated="1592242324358" clover="3.2.0">
  <project timestamp="1592242324359" name="All files">
    <metrics statements="66" coveredstatements="66" conditionals="19" coveredconditionals="19" methods="14" coveredmethods="14" elements="99" coveredelements="99" complexity="0" loc="66" ncloc="66" packages="3" files="5" classes="5"/>
    <package name="src">
      <metrics statements="22" coveredstatements="22" conditionals="4" coveredconditionals="4" methods="3" coveredmethods="3"/>
      <file name="app.ts" path="/Users/cmwylie19/repositories/OpenAPI/backend/src/app.ts">
        <metrics statements="11" coveredstatements="11" conditionals="0" coveredconditionals="0" methods="2" coveredmethods="2"/>
        <line num="1" count="1" type="stmt"/>
        <line num="2" count="1" type="stmt"/>
        <line num="3" count="1" type="stmt"/>
        <line num="4" count="1" type="stmt"/>
        <line num="6" count="1" type="stmt"/>
        <line num="10" count="1" type="stmt"/>
        <line num="11" count="1" type="stmt"/>
        <line num="15" count="1" type="stmt"/>
        <line num="16" count="1" type="stmt"/>
        <line num="17" count="1" type="stmt"/>
        <line num="21" count="1" type="stmt"/>
      </file>
      <file name="server.ts" path="/Users/cmwylie19/repositories/OpenAPI/backend/src/server.ts">
        <metrics statements="11" coveredstatements="11" conditionals="4" coveredconditionals="4" methods="1" coveredmethods="1"/>
        <line num="1" count="1" type="stmt"/>
        <line num="2" count="1" type="stmt"/>
        <line num="4" count="1" type="stmt"/>
        <line num="5" count="3" type="cond" truecount="2" falsecount="0"/>
        <line num="6" count="2" type="cond" truecount="2" falsecount="0"/>
        <line num="7" count="1" type="stmt"/>
        <line num="9" count="2" type="stmt"/>
        <line num="12" count="1" type="stmt"/>
        <line num="13" count="1" type="stmt"/>
        <line num="16" count="1" type="stmt"/>
        <line num="17" count="1" type="stmt"/>
      </file>
    </package>
    <package name="src.controllers">
      <metrics statements="30" coveredstatements="30" conditionals="12" coveredconditionals="12" methods="8" coveredmethods="8"/>
      <file name="MainController.ts" path="/Users/cmwylie19/repositories/OpenAPI/backend/src/controllers/MainController.ts">
        <metrics statements="30" coveredstatements="30" conditionals="12" coveredconditionals="12" methods="8" coveredmethods="8"/>
        <line num="1" count="3" type="cond" truecount="2" falsecount="0"/>
        <line num="2" count="3" type="stmt"/>
        <line num="3" count="3" type="stmt"/>
        <line num="4" count="3" type="stmt"/>
        <line num="11" count="3" type="stmt"/>
        <line num="12" count="3" type="stmt"/>
        <line num="13" count="3" type="stmt"/>
        <line num="15" count="3" type="stmt"/>
        <line num="16" count="3" type="stmt"/>
        <line num="19" count="12" type="cond" truecount="2" falsecount="0"/>
        <line num="20" count="1" type="stmt"/>
        <line num="22" count="12" type="stmt"/>
        <line num="26" count="1" type="stmt"/>
        <line num="30" count="3" type="stmt"/>
        <line num="31" count="3" type="cond" truecount="2" falsecount="0"/>
        <line num="32" count="2" type="stmt"/>
        <line num="36" count="2" type="stmt"/>
        <line num="38" count="1" type="stmt"/>
        <line num="43" count="2" type="cond" truecount="2" falsecount="0"/>
        <line num="44" count="1" type="stmt"/>
        <line num="48" count="1" type="stmt"/>
        <line num="50" count="1" type="stmt"/>
        <line num="54" count="2" type="cond" truecount="2" falsecount="0"/>
        <line num="55" count="1" type="stmt"/>
        <line num="56" count="1" type="stmt"/>
        <line num="58" count="1" type="stmt"/>
        <line num="64" count="2" type="cond" truecount="2" falsecount="0"/>
        <line num="65" count="1" type="stmt"/>
        <line num="67" count="1" type="stmt"/>
        <line num="72" count="3" type="stmt"/>
      </file>
    </package>
    <package name="src.utils">
      <metrics statements="14" coveredstatements="14" conditionals="3" coveredconditionals="3" methods="3" coveredmethods="3"/>
      <file name="User.ts" path="/Users/cmwylie19/repositories/OpenAPI/backend/src/utils/User.ts">
        <metrics statements="3" coveredstatements="3" conditionals="0" coveredconditionals="0" methods="2" coveredmethods="2"/>
        <line num="7" count="1" type="stmt"/>
        <line num="11" count="1" type="stmt"/>
        <line num="15" count="1" type="stmt"/>
      </file>
      <file name="config.ts" path="/Users/cmwylie19/repositories/OpenAPI/backend/src/utils/config.ts">
        <metrics statements="11" coveredstatements="11" conditionals="3" coveredconditionals="3" methods="1" coveredmethods="1"/>
        <line num="1" count="1" type="stmt"/>
        <line num="3" count="1" type="stmt"/>
        <line num="4" count="3" type="stmt"/>
        <line num="7" count="3" type="stmt"/>
        <line num="9" count="1" type="stmt"/>
        <line num="10" count="1" type="stmt"/>
        <line num="12" count="1" type="stmt"/>
        <line num="13" count="1" type="stmt"/>
        <line num="15" count="1" type="stmt"/>
        <line num="18" count="3" type="stmt"/>
        <line num="20" count="3" type="stmt"/>
      </file>
    </package>
  </project>
</coverage>
