{"/Users/cmwylie19/repositories/OpenAPI/backend/src/app.ts": {"path":"/Users/cmwylie19/repositories/OpenAPI/backend/src/app.ts","statementMap":{"0":{"start":{"line":1,"column":0},"end":{"line":1,"column":42}},"1":{"start":{"line":2,"column":0},"end":{"line":2,"column":23}},"2":{"start":{"line":3,"column":0},"end":{"line":3,"column":35}},"3":{"start":{"line":4,"column":0},"end":{"line":4,"column":49}},"4":{"start":{"line":10,"column":4},"end":{"line":10,"column":25}},"5":{"start":{"line":11,"column":4},"end":{"line":11,"column":18}},"6":{"start":{"line":15,"column":4},"end":{"line":15,"column":36}},"7":{"start":{"line":16,"column":4},"end":{"line":16,"column":61}},"8":{"start":{"line":17,"column":4},"end":{"line":17,"column":39}},"9":{"start":{"line":21,"column":0},"end":{"line":21,"column":29}}},"fnMap":{"0":{"name":"(anonymous_0)","decl":{"start":{"line":9,"column":2},"end":{"line":9,"column":null}},"loc":{"start":{"line":9,"column":2},"end":{"line":12,"column":3}}},"1":{"name":"(anonymous_1)","decl":{"start":{"line":14,"column":10},"end":{"line":14,"column":16}},"loc":{"start":{"line":14,"column":16},"end":{"line":18,"column":3}}}},"branchMap":{},"s":{"0":1,"1":1,"2":1,"3":1,"4":1,"5":1,"6":1,"7":1,"8":1,"9":1},"f":{"0":1,"1":1},"b":{}}
,"/Users/cmwylie19/repositories/OpenAPI/backend/src/server.ts": {"path":"/Users/cmwylie19/repositories/OpenAPI/backend/src/server.ts","statementMap":{"0":{"start":{"line":1,"column":0},"end":{"line":1,"column":23}},"1":{"start":{"line":2,"column":0},"end":{"line":2,"column":24}},"2":{"start":{"line":4,"column":13},"end":{"line":14,"column":2}},"3":{"start":{"line":5,"column":2},"end":{"line":10,"column":null}},"4":{"start":{"line":6,"column":4},"end":{"line":8,"column":null}},"5":{"start":{"line":7,"column":6},"end":{"line":7,"column":22}},"6":{"start":{"line":9,"column":4},"end":{"line":9,"column":17}},"7":{"start":{"line":12,"column":2},"end":{"line":12,"column":62}},"8":{"start":{"line":13,"column":2},"end":{"line":13,"column":14}},"9":{"start":{"line":15,"column":0},"end":{"line":15,"column":50}}},"fnMap":{"0":{"name":"(anonymous_0)","decl":{"start":{"line":4,"column":35},"end":{"line":4,"column":36}},"loc":{"start":{"line":4,"column":46},"end":{"line":14,"column":1}}}},"branchMap":{"0":{"loc":{"start":{"line":5,"column":2},"end":{"line":10,"column":null}},"type":"if","locations":[{"start":{"line":5,"column":2},"end":{"line":10,"column":null}},{"start":{"line":5,"column":2},"end":{"line":10,"column":null}}]},"1":{"loc":{"start":{"line":6,"column":4},"end":{"line":8,"column":null}},"type":"if","locations":[{"start":{"line":6,"column":4},"end":{"line":8,"column":null}},{"start":{"line":6,"column":4},"end":{"line":8,"column":null}}]}},"s":{"0":1,"1":1,"2":1,"3":2,"4":1,"5":0,"6":1,"7":1,"8":1,"9":1},"f":{"0":2},"b":{"0":[1,1],"1":[0,1]}}
,"/Users/cmwylie19/repositories/OpenAPI/backend/src/controllers/MainController.ts": {"path":"/Users/cmwylie19/repositories/OpenAPI/backend/src/controllers/MainController.ts","statementMap":{"0":{"start":{"line":1,"column":0},"end":{"line":1,"column":null}},"1":{"start":{"line":2,"column":2},"end":{"line":2,"column":null}},"2":{"start":{"line":3,"column":2},"end":{"line":3,"column":null}},"3":{"start":{"line":4,"column":2},"end":{"line":4,"column":null}},"4":{"start":{"line":5,"column":2},"end":{"line":5,"column":null}},"5":{"start":{"line":12,"column":32},"end":{"line":12,"column":34}},"6":{"start":{"line":13,"column":21},"end":{"line":13,"column":27}},"7":{"start":{"line":14,"column":0},"end":{"line":14,"column":19}},"8":{"start":{"line":17,"column":9},"end":{"line":17,"column":20}},"9":{"start":{"line":20,"column":4},"end":{"line":22,"column":null}},"10":{"start":{"line":21,"column":6},"end":{"line":21,"column":37}},"11":{"start":{"line":23,"column":4},"end":{"line":23,"column":16}},"12":{"start":{"line":27,"column":4},"end":{"line":27,"column":48}},"13":{"start":{"line":31,"column":34},"end":{"line":31,"column":42}},"14":{"start":{"line":32,"column":4},"end":{"line":44,"column":null}},"15":{"start":{"line":33,"column":6},"end":{"line":36,"column":8}},"16":{"start":{"line":37,"column":6},"end":{"line":37,"column":44}},"17":{"start":{"line":39,"column":6},"end":{"line":43,"column":8}},"18":{"start":{"line":48,"column":4},"end":{"line":56,"column":null}},"19":{"start":{"line":49,"column":6},"end":{"line":52,"column":8}},"20":{"start":{"line":53,"column":6},"end":{"line":53,"column":44}},"21":{"start":{"line":55,"column":6},"end":{"line":55,"column":56}},"22":{"start":{"line":59,"column":4},"end":{"line":64,"column":null}},"23":{"start":{"line":60,"column":6},"end":{"line":60,"column":42}},"24":{"start":{"line":61,"column":6},"end":{"line":61,"column":44}},"25":{"start":{"line":63,"column":6},"end":{"line":63,"column":56}},"26":{"start":{"line":69,"column":4},"end":{"line":73,"column":null}},"27":{"start":{"line":70,"column":6},"end":{"line":70,"column":68}},"28":{"start":{"line":72,"column":6},"end":{"line":72,"column":56}},"29":{"start":{"line":16,"column":0},"end":{"line":16,"column":13}},"30":{"start":{"line":77,"column":13},"end":{"line":77,"column":51}}},"fnMap":{"0":{"name":"(anonymous_0)","decl":{"start":{"line":1,"column":0},"end":{"line":1,"column":12}},"loc":{"start":{"line":1,"column":28},"end":{"line":6,"column":1}}},"1":{"name":"(anonymous_1)","decl":{"start":{"line":16,"column":0},"end":{"line":16,"column":13}},"loc":{"start":{"line":16,"column":0},"end":{"line":75,"column":1}}},"2":{"name":"(anonymous_2)","decl":{"start":{"line":19,"column":9},"end":{"line":19,"column":25}},"loc":{"start":{"line":19,"column":59},"end":{"line":24,"column":3}}},"3":{"name":"(anonymous_3)","decl":{"start":{"line":26,"column":9},"end":{"line":26,"column":17}},"loc":{"start":{"line":26,"column":36},"end":{"line":28,"column":3}}},"4":{"name":"(anonymous_4)","decl":{"start":{"line":30,"column":9},"end":{"line":30,"column":19}},"loc":{"start":{"line":30,"column":38},"end":{"line":45,"column":3}}},"5":{"name":"(anonymous_5)","decl":{"start":{"line":47,"column":9},"end":{"line":47,"column":17}},"loc":{"start":{"line":47,"column":36},"end":{"line":57,"column":3}}},"6":{"name":"(anonymous_6)","decl":{"start":{"line":58,"column":9},"end":{"line":58,"column":19}},"loc":{"start":{"line":58,"column":38},"end":{"line":65,"column":3}}},"7":{"name":"(anonymous_7)","decl":{"start":{"line":68,"column":9},"end":{"line":68,"column":16}},"loc":{"start":{"line":68,"column":35},"end":{"line":74,"column":3}}}},"branchMap":{"0":{"loc":{"start":{"line":1,"column":12},"end":{"line":1,"column":28}},"type":"binary-expr","locations":[{"start":{"line":1,"column":12},"end":{"line":1,"column":28}},{"start":{"line":1,"column":12},"end":{"line":1,"column":null}}]},"1":{"loc":{"start":{"line":20,"column":4},"end":{"line":22,"column":null}},"type":"if","locations":[{"start":{"line":20,"column":4},"end":{"line":22,"column":null}},{"start":{"line":20,"column":4},"end":{"line":22,"column":null}}]},"2":{"loc":{"start":{"line":32,"column":4},"end":{"line":44,"column":null}},"type":"if","locations":[{"start":{"line":32,"column":4},"end":{"line":44,"column":null}},{"start":{"line":32,"column":4},"end":{"line":44,"column":null}}]},"3":{"loc":{"start":{"line":48,"column":4},"end":{"line":56,"column":null}},"type":"if","locations":[{"start":{"line":48,"column":4},"end":{"line":56,"column":null}},{"start":{"line":48,"column":4},"end":{"line":56,"column":null}}]},"4":{"loc":{"start":{"line":59,"column":4},"end":{"line":64,"column":null}},"type":"if","locations":[{"start":{"line":59,"column":4},"end":{"line":64,"column":null}},{"start":{"line":59,"column":4},"end":{"line":64,"column":null}}]},"5":{"loc":{"start":{"line":69,"column":4},"end":{"line":73,"column":null}},"type":"if","locations":[{"start":{"line":69,"column":4},"end":{"line":73,"column":null}},{"start":{"line":69,"column":4},"end":{"line":73,"column":null}}]}},"s":{"0":3,"1":3,"2":3,"3":3,"4":3,"5":3,"6":3,"7":3,"8":3,"9":6,"10":0,"11":6,"12":1,"13":1,"14":1,"15":1,"16":1,"17":0,"18":1,"19":1,"20":1,"21":0,"22":1,"23":1,"24":1,"25":0,"26":1,"27":0,"28":1,"29":3,"30":3},"f":{"0":3,"1":3,"2":6,"3":1,"4":1,"5":1,"6":1,"7":1},"b":{"0":[3,3],"1":[0,6],"2":[1,0],"3":[1,0],"4":[1,0],"5":[0,1]}}
,"/Users/cmwylie19/repositories/OpenAPI/backend/src/routes/MainRoutes.ts": {"path":"/Users/cmwylie19/repositories/OpenAPI/backend/src/routes/MainRoutes.ts","statementMap":{"0":{"start":{"line":1,"column":0},"end":{"line":1,"column":35}},"1":{"start":{"line":2,"column":0},"end":{"line":2,"column":63}},"2":{"start":{"line":5,"column":9},"end":{"line":5,"column":51}},"3":{"start":{"line":8,"column":4},"end":{"line":8,"column":18}},"4":{"start":{"line":12,"column":4},"end":{"line":14,"column":6}},"5":{"start":{"line":13,"column":6},"end":{"line":13,"column":39}},"6":{"start":{"line":15,"column":4},"end":{"line":17,"column":6}},"7":{"start":{"line":16,"column":6},"end":{"line":16,"column":38}},"8":{"start":{"line":18,"column":4},"end":{"line":20,"column":6}},"9":{"start":{"line":19,"column":6},"end":{"line":19,"column":41}},"10":{"start":{"line":21,"column":4},"end":{"line":23,"column":6}},"11":{"start":{"line":22,"column":6},"end":{"line":22,"column":39}},"12":{"start":{"line":24,"column":4},"end":{"line":28,"column":6}},"13":{"start":{"line":27,"column":8},"end":{"line":27,"column":43}},"14":{"start":{"line":4,"column":0},"end":{"line":4,"column":13}},"15":{"start":{"line":32,"column":13},"end":{"line":32,"column":50}}},"fnMap":{"0":{"name":"(anonymous_0)","decl":{"start":{"line":7,"column":2},"end":{"line":7,"column":null}},"loc":{"start":{"line":7,"column":2},"end":{"line":9,"column":3}}},"1":{"name":"(anonymous_1)","decl":{"start":{"line":11,"column":10},"end":{"line":11,"column":16}},"loc":{"start":{"line":11,"column":16},"end":{"line":29,"column":3}}},"2":{"name":"(anonymous_2)","decl":{"start":{"line":12,"column":25},"end":{"line":12,"column":26}},"loc":{"start":{"line":13,"column":6},"end":{"line":13,"column":39}}},"3":{"name":"(anonymous_3)","decl":{"start":{"line":15,"column":31},"end":{"line":15,"column":32}},"loc":{"start":{"line":16,"column":6},"end":{"line":16,"column":38}}},"4":{"name":"(anonymous_4)","decl":{"start":{"line":18,"column":26},"end":{"line":18,"column":27}},"loc":{"start":{"line":19,"column":6},"end":{"line":19,"column":41}}},"5":{"name":"(anonymous_5)","decl":{"start":{"line":21,"column":31},"end":{"line":21,"column":32}},"loc":{"start":{"line":22,"column":6},"end":{"line":22,"column":39}}},"6":{"name":"(anonymous_6)","decl":{"start":{"line":26,"column":6},"end":{"line":26,"column":7}},"loc":{"start":{"line":27,"column":8},"end":{"line":27,"column":43}}}},"branchMap":{},"s":{"0":2,"1":2,"2":2,"3":2,"4":2,"5":0,"6":2,"7":0,"8":2,"9":0,"10":2,"11":0,"12":2,"13":0,"14":2,"15":2},"f":{"0":2,"1":2,"2":0,"3":0,"4":0,"5":0,"6":0},"b":{}}
,"/Users/cmwylie19/repositories/OpenAPI/backend/src/utils/User.ts": {"path":"/Users/cmwylie19/repositories/OpenAPI/backend/src/utils/User.ts","statementMap":{"0":{"start":{"line":11,"column":4},"end":{"line":11,"column":21}},"1":{"start":{"line":15,"column":4},"end":{"line":15,"column":21}},"2":{"start":{"line":7,"column":0},"end":{"line":7,"column":13}}},"fnMap":{"0":{"name":"(anonymous_0)","decl":{"start":{"line":10,"column":2},"end":{"line":10,"column":14}},"loc":{"start":{"line":10,"column":25},"end":{"line":12,"column":3}}},"1":{"name":"(anonymous_1)","decl":{"start":{"line":14,"column":9},"end":{"line":14,"column":11}},"loc":{"start":{"line":14,"column":11},"end":{"line":16,"column":3}}}},"branchMap":{},"s":{"0":1,"1":1,"2":1},"f":{"0":1,"1":1},"b":{}}
,"/Users/cmwylie19/repositories/OpenAPI/backend/src/utils/config.ts": {"path":"/Users/cmwylie19/repositories/OpenAPI/backend/src/utils/config.ts","statementMap":{"0":{"start":{"line":1,"column":0},"end":{"line":1,"column":33}},"1":{"start":{"line":4,"column":2},"end":{"line":4,"column":18}},"2":{"start":{"line":7,"column":2},"end":{"line":16,"column":null}},"3":{"start":{"line":9,"column":6},"end":{"line":9,"column":44}},"4":{"start":{"line":10,"column":6},"end":{"line":10,"column":12}},"5":{"start":{"line":12,"column":6},"end":{"line":12,"column":50}},"6":{"start":{"line":13,"column":6},"end":{"line":13,"column":12}},"7":{"start":{"line":15,"column":6},"end":{"line":15,"column":51}},"8":{"start":{"line":18,"column":2},"end":{"line":18,"column":26}},"9":{"start":{"line":20,"column":2},"end":{"line":20,"column":14}},"10":{"start":{"line":3,"column":0},"end":{"line":3,"column":16}}},"fnMap":{"0":{"name":"setenv","decl":{"start":{"line":3,"column":16},"end":{"line":3,"column":22}},"loc":{"start":{"line":3,"column":38},"end":{"line":21,"column":1}}}},"branchMap":{"0":{"loc":{"start":{"line":8,"column":4},"end":{"line":10,"column":12}},"type":"switch","locations":[{"start":{"line":8,"column":4},"end":{"line":10,"column":12}},{"start":{"line":11,"column":4},"end":{"line":13,"column":12}},{"start":{"line":14,"column":4},"end":{"line":15,"column":51}}]}},"s":{"0":1,"1":3,"2":3,"3":1,"4":1,"5":1,"6":1,"7":1,"8":3,"9":3,"10":1},"f":{"0":3},"b":{"0":[1,1,1]}}
}
