TN:
SF:src/app.ts
FN:9,(anonymous_0)
FN:14,(anonymous_1)
FNF:2
FNH:2
FNDA:1,(anonymous_0)
FNDA:1,(anonymous_1)
DA:1,1
DA:2,1
DA:3,1
DA:4,1
DA:10,1
DA:11,1
DA:15,1
DA:16,1
DA:17,1
DA:21,1
LF:10
LH:10
BRF:0
BRH:0
end_of_record
TN:
SF:src/server.ts
FN:4,(anonymous_0)
FNF:1
FNH:1
FNDA:2,(anonymous_0)
DA:1,1
DA:2,1
DA:4,1
DA:5,2
DA:6,1
DA:7,0
DA:9,1
DA:12,1
DA:13,1
DA:15,1
LF:10
LH:9
BRDA:5,0,0,1
BRDA:5,0,1,1
BRDA:6,1,0,0
BRDA:6,1,1,1
BRF:4
BRH:3
end_of_record
TN:
SF:src/controllers/MainController.ts
FN:1,(anonymous_0)
FN:17,(anonymous_1)
FN:21,(anonymous_2)
FN:28,(anonymous_3)
FN:32,(anonymous_4)
FN:46,(anonymous_5)
FN:58,(anonymous_6)
FN:68,(anonymous_7)
FNF:8
FNH:8
FNDA:3,(anonymous_0)
FNDA:3,(anonymous_1)
FNDA:6,(anonymous_2)
FNDA:1,(anonymous_3)
FNDA:1,(anonymous_4)
FNDA:1,(anonymous_5)
FNDA:1,(anonymous_6)
FNDA:1,(anonymous_7)
DA:1,3
DA:2,3
DA:3,3
DA:4,3
DA:5,3
DA:13,3
DA:14,3
DA:15,3
DA:17,3
DA:19,3
DA:22,6
DA:23,0
DA:25,6
DA:29,1
DA:33,1
DA:34,1
DA:35,1
DA:39,1
DA:42,0
DA:47,1
DA:48,1
DA:52,1
DA:55,0
DA:59,1
DA:60,1
DA:61,1
DA:63,0
DA:69,1
DA:70,0
DA:72,1
DA:77,3
LF:31
LH:26
BRDA:1,0,0,3
BRDA:1,0,1,3
BRDA:22,1,0,0
BRDA:22,1,1,6
BRDA:34,2,0,1
BRDA:34,2,1,0
BRDA:47,3,0,1
BRDA:47,3,1,0
BRDA:59,4,0,1
BRDA:59,4,1,0
BRDA:69,5,0,0
BRDA:69,5,1,1
BRF:12
BRH:7
end_of_record
TN:
SF:src/routes/MainRoutes.ts
FN:7,(anonymous_0)
FN:11,(anonymous_1)
FN:12,(anonymous_2)
FN:13,(anonymous_3)
FN:14,(anonymous_4)
FN:15,(anonymous_5)
FN:16,(anonymous_6)
FNF:7
FNH:2
FNDA:2,(anonymous_0)
FNDA:2,(anonymous_1)
FNDA:0,(anonymous_2)
FNDA:0,(anonymous_3)
FNDA:0,(anonymous_4)
FNDA:0,(anonymous_5)
FNDA:0,(anonymous_6)
DA:1,2
DA:2,2
DA:4,2
DA:5,2
DA:8,2
DA:12,2
DA:13,2
DA:14,2
DA:15,2
DA:16,2
DA:21,2
LF:11
LH:11
BRF:0
BRH:0
end_of_record
TN:
SF:src/utils/User.ts
FN:10,(anonymous_0)
FN:14,(anonymous_1)
FNF:2
FNH:2
FNDA:1,(anonymous_0)
FNDA:1,(anonymous_1)
DA:7,1
DA:11,1
DA:15,1
LF:3
LH:3
BRF:0
BRH:0
end_of_record
TN:
SF:src/utils/config.ts
FN:5,setenv
FNF:1
FNH:1
FNDA:3,setenv
DA:1,1
DA:5,1
DA:7,3
DA:10,3
DA:12,1
DA:13,1
DA:15,1
DA:16,1
DA:18,1
DA:21,3
DA:23,3
LF:11
LH:11
BRDA:11,0,0,1
BRDA:11,0,1,1
BRDA:11,0,2,1
BRF:3
BRH:3
end_of_record
