TN:
SF:src/app.ts
FN:9,(anonymous_0)
FN:14,(anonymous_1)
FNF:2
FNH:2
FNDA:1,(anonymous_0)
FNDA:1,(anonymous_1)
DA:1,1
DA:2,1
DA:3,1
DA:4,1
DA:10,1
DA:11,1
DA:15,1
DA:16,1
DA:17,1
DA:21,1
LF:10
LH:10
BRF:0
BRH:0
end_of_record
TN:
SF:src/server.ts
FN:4,(anonymous_0)
FNF:1
FNH:1
FNDA:2,(anonymous_0)
DA:1,1
DA:2,1
DA:4,1
DA:5,2
DA:6,1
DA:7,0
DA:9,1
DA:12,1
DA:13,1
DA:15,1
LF:10
LH:9
BRDA:5,0,0,1
BRDA:5,0,1,1
BRDA:6,1,0,0
BRDA:6,1,1,1
BRF:4
BRH:3
end_of_record
TN:
SF:src/controllers/MainController.ts
FN:1,(anonymous_0)
FN:16,(anonymous_1)
FN:19,(anonymous_2)
FN:26,(anonymous_3)
FN:30,(anonymous_4)
FN:47,(anonymous_5)
FN:58,(anonymous_6)
FN:68,(anonymous_7)
FNF:8
FNH:8
FNDA:3,(anonymous_0)
FNDA:3,(anonymous_1)
FNDA:6,(anonymous_2)
FNDA:1,(anonymous_3)
FNDA:1,(anonymous_4)
FNDA:1,(anonymous_5)
FNDA:1,(anonymous_6)
FNDA:1,(anonymous_7)
DA:1,3
DA:2,3
DA:3,3
DA:4,3
DA:5,3
DA:12,3
DA:13,3
DA:14,3
DA:16,3
DA:17,3
DA:20,6
DA:21,0
DA:23,6
DA:27,1
DA:31,1
DA:32,1
DA:33,1
DA:37,1
DA:39,0
DA:48,1
DA:49,1
DA:53,1
DA:55,0
DA:59,1
DA:60,1
DA:61,1
DA:63,0
DA:69,1
DA:70,0
DA:72,1
DA:77,3
LF:31
LH:26
BRDA:1,0,0,3
BRDA:1,0,1,3
BRDA:20,1,0,0
BRDA:20,1,1,6
BRDA:32,2,0,1
BRDA:32,2,1,0
BRDA:48,3,0,1
BRDA:48,3,1,0
BRDA:59,4,0,1
BRDA:59,4,1,0
BRDA:69,5,0,0
BRDA:69,5,1,1
BRF:12
BRH:7
end_of_record
TN:
SF:src/routes/MainRoutes.ts
FN:7,(anonymous_0)
FN:11,(anonymous_1)
FN:12,(anonymous_2)
FN:15,(anonymous_3)
FN:18,(anonymous_4)
FN:21,(anonymous_5)
FN:26,(anonymous_6)
FNF:7
FNH:2
FNDA:2,(anonymous_0)
FNDA:2,(anonymous_1)
FNDA:0,(anonymous_2)
FNDA:0,(anonymous_3)
FNDA:0,(anonymous_4)
FNDA:0,(anonymous_5)
FNDA:0,(anonymous_6)
DA:1,2
DA:2,2
DA:4,2
DA:5,2
DA:8,2
DA:12,2
DA:13,0
DA:15,2
DA:16,0
DA:18,2
DA:19,0
DA:21,2
DA:22,0
DA:24,2
DA:27,0
DA:32,2
LF:16
LH:11
BRF:0
BRH:0
end_of_record
TN:
SF:src/utils/User.ts
FN:10,(anonymous_0)
FN:14,(anonymous_1)
FNF:2
FNH:2
FNDA:1,(anonymous_0)
FNDA:1,(anonymous_1)
DA:7,1
DA:11,1
DA:15,1
LF:3
LH:3
BRF:0
BRH:0
end_of_record
TN:
SF:src/utils/config.ts
FN:3,setenv
FNF:1
FNH:1
FNDA:3,setenv
DA:1,1
DA:3,1
DA:4,3
DA:7,3
DA:9,1
DA:10,1
DA:12,1
DA:13,1
DA:15,1
DA:18,3
DA:20,3
LF:11
LH:11
BRDA:8,0,0,1
BRDA:8,0,1,1
BRDA:8,0,2,1
BRF:3
BRH:3
end_of_record
